<?xml version="1.0" encoding="UTF-8"?>
<testng-results skipped="0" failed="0" ignored="0" total="4" passed="4">
  <reporter-output>
  </reporter-output>
  <suite name="Default suite" duration-ms="3696" started-at="2022-03-26T13:49:17Z" finished-at="2022-03-26T13:49:21Z">
    <groups>
    </groups>
    <test name="Default test" duration-ms="3696" started-at="2022-03-26T13:49:17Z" finished-at="2022-03-26T13:49:21Z">
      <class name="com.tests.LogintTest">
        <test-method status="PASS" signature="setUp()[pri:0, instance:com.tests.LogintTest@6ddf90b0]" name="setUp" is-config="true" duration-ms="4224" started-at="2022-03-26T13:49:13Z" finished-at="2022-03-26T13:49:17Z">
          <reporter-output>
          </reporter-output>
        </test-method> <!-- setUp -->
        <test-method status="PASS" signature="logIn()[pri:1, instance:com.tests.LogintTest@6ddf90b0]" name="logIn" duration-ms="1750" started-at="2022-03-26T13:49:17Z" finished-at="2022-03-26T13:49:19Z">
          <reporter-output>
          </reporter-output>
        </test-method> <!-- logIn -->
        <test-method status="PASS" signature="dashPage()[pri:2, instance:com.tests.LogintTest@6ddf90b0]" name="dashPage" duration-ms="59" started-at="2022-03-26T13:49:19Z" finished-at="2022-03-26T13:49:19Z">
          <reporter-output>
          </reporter-output>
        </test-method> <!-- dashPage -->
        <test-method status="PASS" signature="checkUserBtn()[pri:3, instance:com.tests.LogintTest@6ddf90b0]" name="checkUserBtn" duration-ms="504" started-at="2022-03-26T13:49:19Z" finished-at="2022-03-26T13:49:20Z">
          <reporter-output>
          </reporter-output>
        </test-method> <!-- checkUserBtn -->
        <test-method status="PASS" signature="checkAddUser()[pri:4, instance:com.tests.LogintTest@6ddf90b0]" name="checkAddUser" duration-ms="1128" started-at="2022-03-26T13:49:20Z" finished-at="2022-03-26T13:49:21Z">
          <reporter-output>
          </reporter-output>
        </test-method> <!-- checkAddUser -->
      </class> <!-- com.tests.LogintTest -->
    </test> <!-- Default test -->
  </suite> <!-- Default suite -->
</testng-results>
